mode: set
sov.fleet/s-natives/natvs_engine.go:43.52,52.2 1 1
sov.fleet/s-natives/natvs_engine.go:55.84,63.2 5 1
sov.fleet/s-natives/natvs_engine.go:66.87,73.16 5 1
sov.fleet/s-natives/natvs_engine.go:73.16,74.25 1 1
sov.fleet/s-natives/natvs_engine.go:74.25,76.4 1 1
sov.fleet/s-natives/natvs_engine.go:77.3,77.13 1 0
sov.fleet/s-natives/natvs_engine.go:80.2,81.28 2 1
sov.fleet/s-natives/natvs_engine.go:81.28,82.20 1 1
sov.fleet/s-natives/natvs_engine.go:82.20,85.94 2 1
sov.fleet/s-natives/natvs_engine.go:85.94,87.5 1 1
sov.fleet/s-natives/natvs_engine.go:91.2,92.12 2 1
sov.fleet/s-natives/natvs_engine.go:96.75,100.42 3 1
sov.fleet/s-natives/natvs_engine.go:100.42,125.37 4 1
sov.fleet/s-natives/natvs_engine.go:125.37,127.89 2 1
sov.fleet/s-natives/natvs_engine.go:127.89,128.19 1 1
sov.fleet/s-natives/natvs_engine.go:128.19,130.6 1 1
sov.fleet/s-natives/natvs_engine.go:131.5,131.21 1 1
sov.fleet/s-natives/natvs_engine.go:131.21,134.124 3 1
sov.fleet/s-natives/natvs_engine.go:134.124,137.7 2 1
sov.fleet/s-natives/natvs_engine.go:138.6,138.16 1 1
sov.fleet/s-natives/natvs_engine.go:140.5,141.128 2 1
sov.fleet/s-natives/natvs_engine.go:141.128,143.6 1 1
sov.fleet/s-natives/natvs_engine.go:145.5,146.19 2 1
sov.fleet/s-natives/natvs_engine.go:146.19,148.6 1 0
sov.fleet/s-natives/natvs_engine.go:149.5,152.46 3 1
sov.fleet/s-natives/natvs_engine.go:152.46,153.46 1 1
sov.fleet/s-natives/natvs_engine.go:153.46,156.7 2 1
sov.fleet/s-natives/natvs_engine.go:159.5,159.16 1 1
sov.fleet/s-natives/natvs_engine.go:159.16,163.6 3 1
sov.fleet/s-natives/natvs_engine.go:164.5,164.15 1 1
sov.fleet/s-natives/natvs_engine.go:166.4,166.18 1 1
sov.fleet/s-natives/natvs_engine.go:166.18,168.5 1 0
sov.fleet/s-natives/natvs_engine.go:170.3,171.13 2 1
sov.fleet/s-natives/natvs_engine.go:175.2,177.12 3 1
sov.fleet/s-natives/natvs_engine.go:181.83,187.44 4 1
sov.fleet/s-natives/natvs_engine.go:187.44,188.50 1 1
sov.fleet/s-natives/natvs_engine.go:188.50,191.4 2 1
sov.fleet/s-natives/natvs_engine.go:192.3,203.33 3 1
sov.fleet/s-natives/natvs_engine.go:203.33,211.18 6 1
sov.fleet/s-natives/natvs_engine.go:211.18,212.29 1 1
sov.fleet/s-natives/natvs_engine.go:212.29,213.20 1 1
sov.fleet/s-natives/natvs_engine.go:213.20,214.50 1 1
sov.fleet/s-natives/natvs_engine.go:214.50,216.8 1 1
sov.fleet/s-natives/natvs_engine.go:217.12,219.46 2 1
sov.fleet/s-natives/natvs_engine.go:219.46,221.108 2 1
sov.fleet/s-natives/natvs_engine.go:221.108,222.23 1 1
sov.fleet/s-natives/natvs_engine.go:222.23,224.10 1 0
sov.fleet/s-natives/natvs_engine.go:225.9,225.25 1 1
sov.fleet/s-natives/natvs_engine.go:225.25,227.52 2 1
sov.fleet/s-natives/natvs_engine.go:227.52,229.11 1 0
sov.fleet/s-natives/natvs_engine.go:230.10,230.20 1 1
sov.fleet/s-natives/natvs_engine.go:232.9,232.55 1 1
sov.fleet/s-natives/natvs_engine.go:232.55,235.10 2 0
sov.fleet/s-natives/natvs_engine.go:236.9,236.19 1 1
sov.fleet/s-natives/natvs_engine.go:238.8,238.23 1 1
sov.fleet/s-natives/natvs_engine.go:238.23,240.9 1 0
sov.fleet/s-natives/natvs_engine.go:246.4,246.20 1 1
sov.fleet/s-natives/natvs_engine.go:246.20,248.5 1 1
sov.fleet/s-natives/natvs_engine.go:250.4,250.28 1 1
sov.fleet/s-natives/natvs_engine.go:250.28,252.13 2 1
sov.fleet/s-natives/natvs_engine.go:255.4,263.21 8 1
sov.fleet/s-natives/natvs_engine.go:263.21,266.5 2 1
sov.fleet/s-natives/natvs_engine.go:266.10,268.5 1 0
sov.fleet/s-natives/natvs_engine.go:271.3,271.32 1 1
sov.fleet/s-natives/natvs_engine.go:271.32,273.4 1 1
sov.fleet/s-natives/natvs_engine.go:275.3,276.13 2 1
sov.fleet/s-natives/natvs_engine.go:280.2,282.12 3 1
sov.fleet/s-natives/natvs_engine.go:286.81,294.2 5 1
sov.fleet/s-natives/natvs_engine.go:297.70,300.16 3 1
sov.fleet/s-natives/natvs_engine.go:300.16,302.3 1 1
sov.fleet/s-natives/natvs_engine.go:303.2,308.12 4 1
sov.fleet/s-natives/natvs_engine.go:308.12,311.3 2 1
sov.fleet/s-natives/natvs_engine.go:313.2,313.6 1 1
sov.fleet/s-natives/natvs_engine.go:313.6,315.17 2 1
sov.fleet/s-natives/natvs_engine.go:315.17,316.37 1 1
sov.fleet/s-natives/natvs_engine.go:316.37,318.5 1 1
sov.fleet/s-natives/natvs_engine.go:319.4,320.12 2 0
sov.fleet/s-natives/natvs_engine.go:323.3,327.38 3 1
sov.fleet/s-natives/natvs_engine.go:327.38,335.18 6 1
sov.fleet/s-natives/natvs_engine.go:335.18,337.5 1 0
sov.fleet/s-natives/natvs_engine.go:344.13,350.64 5 1
sov.fleet/s-natives/natvs_engine.go:350.64,352.3 1 1
sov.fleet/s-natives/natvs_engine.go:353.2,358.16 4 1
sov.fleet/s-natives/natvs_engine.go:358.16,360.3 1 0
sov.fleet/s-natives/natvs_engine.go:362.2,363.16 2 1
sov.fleet/s-natives/natvs_engine.go:363.16,365.3 1 1
sov.fleet/s-natives/natvs_engine.go:367.2,368.16 2 1
sov.fleet/s-natives/natvs_engine.go:368.16,370.3 1 0
sov.fleet/s-natives/natvs_engine.go:372.2,373.16 2 1
sov.fleet/s-natives/natvs_engine.go:373.16,375.3 1 0
sov.fleet/s-natives/natvs_engine.go:377.2,378.16 2 1
sov.fleet/s-natives/natvs_engine.go:378.16,380.3 1 0
sov.fleet/s-natives/natvs_engine.go:382.2,382.75 1 1
